<?xml version="1.0" encoding="UTF-8"?>
<!-- Generated by org.testng.reporters.JUnitXMLReporter -->
<testsuite ignored="1" hostname="DESKTOP-MD06342" failures="0" tests="1" name="Default test" time="18.124" errors="0" timestamp="2024-11-03T09:26:56 IST">
  <testcase classname="Selenium.Selenium.basicquestions" name="actionclass" time="14.605"/>
  <testcase classname="Selenium.Selenium.basicquestions" name="dropdown" time="0.0">
    <ignored/>
  </testcase> <!-- dropdown -->
</testsuite> <!-- Default test -->
