<?xml version="1.0" encoding="UTF-8"?>
<!-- Generated by org.testng.reporters.JUnitXMLReporter -->
<testsuite ignored="3" hostname="DESKTOP-MD06342" failures="0" tests="1" name="Default test" time="11.492" errors="0" timestamp="2024-11-02T14:59:15 IST">
  <testcase classname="Selenium.Selenium.InfosysPdf1" name="waits" time="6.39"/>
  <testcase classname="Selenium.Selenium.InfosysPdf1" name="findelement" time="0.0">
    <ignored/>
  </testcase> <!-- findelement -->
  <testcase classname="Selenium.Selenium.InfosysPdf1" name="findelements" time="0.0">
    <ignored/>
  </testcase> <!-- findelements -->
  <testcase classname="Selenium.Selenium.InfosysPdf1" name="handlemultiplewindows" time="0.0">
    <ignored/>
  </testcase> <!-- handlemultiplewindows -->
</testsuite> <!-- Default test -->
