<?xml version="1.0" encoding="UTF-8"?>
<testng-results ignored="0" total="1" passed="1" failed="0" skipped="0">
  <reporter-output>
  </reporter-output>
  <suite started-at="2024-10-31T08:53:16 IST" name="Default suite" finished-at="2024-10-31T08:53:29 IST" duration-ms="12885">
    <groups>
    </groups>
    <test started-at="2024-10-31T08:53:16 IST" name="Default test" finished-at="2024-10-31T08:53:29 IST" duration-ms="12885">
      <class name="Selenium.Selenium.InfosysPdf1">
        <test-method signature="example1()[pri:0, instance:Selenium.Selenium.InfosysPdf1@17fc391b]" started-at="2024-10-31T08:53:16 IST" name="example1" finished-at="2024-10-31T08:53:28 IST" duration-ms="12321" status="PASS">
          <reporter-output>
          </reporter-output>
        </test-method> <!-- example1 -->
        <test-method is-config="true" signature="down()[pri:0, instance:Selenium.Selenium.InfosysPdf1@17fc391b]" started-at="2024-10-31T08:53:28 IST" name="down" finished-at="2024-10-31T08:53:29 IST" duration-ms="438" status="PASS">
          <reporter-output>
          </reporter-output>
        </test-method> <!-- down -->
      </class> <!-- Selenium.Selenium.InfosysPdf1 -->
    </test> <!-- Default test -->
  </suite> <!-- Default suite -->
</testng-results>
