<?xml version="1.0" encoding="UTF-8"?>
<testng-results ignored="0" total="1" passed="1" failed="0" skipped="0">
  <reporter-output>
  </reporter-output>
  <suite started-at="2024-11-02T14:59:03 IST" name="Default suite" finished-at="2024-11-02T14:59:15 IST" duration-ms="11492">
    <groups>
    </groups>
    <test started-at="2024-11-02T14:59:03 IST" name="Default test" finished-at="2024-11-02T14:59:15 IST" duration-ms="11492">
      <class name="Selenium.Selenium.InfosysPdf1">
        <test-method is-config="true" signature="configuration()[pri:0, instance:Selenium.Selenium.InfosysPdf1@792b749c]" started-at="2024-11-02T14:59:03 IST" name="configuration" finished-at="2024-11-02T14:59:07 IST" duration-ms="4232" status="PASS">
          <reporter-output>
          </reporter-output>
        </test-method> <!-- configuration -->
        <test-method signature="waits()[pri:0, instance:Selenium.Selenium.InfosysPdf1@792b749c]" started-at="2024-11-02T14:59:07 IST" name="waits" finished-at="2024-11-02T14:59:14 IST" duration-ms="6390" status="PASS">
          <reporter-output>
          </reporter-output>
        </test-method> <!-- waits -->
        <test-method is-config="true" signature="down()[pri:0, instance:Selenium.Selenium.InfosysPdf1@792b749c]" started-at="2024-11-02T14:59:14 IST" name="down" finished-at="2024-11-02T14:59:15 IST" duration-ms="766" status="PASS">
          <reporter-output>
          </reporter-output>
        </test-method> <!-- down -->
      </class> <!-- Selenium.Selenium.InfosysPdf1 -->
    </test> <!-- Default test -->
  </suite> <!-- Default suite -->
</testng-results>
